\BOOKMARK [1][-]{section.1}{Introduction}{}% 1
\BOOKMARK [1][-]{section.2}{Requirements}{}% 2
\BOOKMARK [2][-]{subsection.2.1}{Mandatory criteria}{section.2}% 3
\BOOKMARK [3][-]{subsubsection.2.1.1}{Surface Constrained Distance Calculation \(Geodesic problem on meshes\)}{subsection.2.1}% 4
\BOOKMARK [3][-]{subsubsection.2.1.2}{Point to plane mapping}{subsection.2.1}% 5
\BOOKMARK [3][-]{subsubsection.2.1.3}{Interpolation algorithm}{subsection.2.1}% 6
\BOOKMARK [3][-]{subsubsection.2.1.4}{Integration in Disp3D}{subsection.2.1}% 7
\BOOKMARK [3][-]{subsubsection.2.1.5}{Non-Functional Requirements}{subsection.2.1}% 8
\BOOKMARK [2][-]{subsection.2.2}{Optional criteria}{section.2}% 9
\BOOKMARK [3][-]{subsubsection.2.2.1}{SCDC \(2.1.1\)}{subsection.2.2}% 10
\BOOKMARK [3][-]{subsubsection.2.2.2}{Interpolation \(2.1.3\)}{subsection.2.2}% 11
\BOOKMARK [2][-]{subsection.2.3}{Delimiting criteria}{section.2}% 12
\BOOKMARK [1][-]{section.3}{Product Application}{}% 13
\BOOKMARK [1][-]{section.4}{Product Environment}{}% 14
\BOOKMARK [2][-]{subsection.4.1}{Scenario}{section.4}% 15
\BOOKMARK [2][-]{subsection.4.2}{Software}{section.4}% 16
\BOOKMARK [3][-]{subsubsection.4.2.1}{The MNE-CPP framework}{subsection.4.2}% 17
\BOOKMARK [3][-]{subsubsection.4.2.2}{System}{subsection.4.2}% 18
\BOOKMARK [2][-]{subsection.4.3}{Hardware}{section.4}% 19
\BOOKMARK [1][-]{section.5}{Product Functions}{}% 20
\BOOKMARK [2][-]{subsection.5.1}{User functions}{section.5}% 21
\BOOKMARK [2][-]{subsection.5.2}{Pre-calculations}{section.5}% 22
\BOOKMARK [2][-]{subsection.5.3}{Interpolation}{section.5}% 23
\BOOKMARK [1][-]{section.6}{Quality Target Acquisition}{}% 24
