\BOOKMARK [1][-]{section.1}{Einleitung}{}% 1
\BOOKMARK [1][-]{section.2}{Zielbestimmungen}{}% 2
\BOOKMARK [2][-]{subsection.2.1}{Musskriterien}{section.2}% 3
\BOOKMARK [3][-]{subsubsection.2.1.1}{Verbindungsaufbau}{subsection.2.1}% 4
\BOOKMARK [3][-]{subsubsection.2.1.2}{Forwarding bestimmter Pakettypen aus dem roten Netz}{subsection.2.1}% 5
\BOOKMARK [3][-]{subsubsection.2.1.3}{Zugriffskontrolle}{subsection.2.1}% 6
\BOOKMARK [3][-]{subsubsection.2.1.4}{Sicherheitsanforderungen}{subsection.2.1}% 7
\BOOKMARK [3][-]{subsubsection.2.1.5}{Nicht-funktionale Anforderungen an das System}{subsection.2.1}% 8
\BOOKMARK [3][-]{subsubsection.2.1.6}{Kriterien an die Testumgebung}{subsection.2.1}% 9
\BOOKMARK [2][-]{subsection.2.2}{Wunschkriterien}{section.2}% 10
\BOOKMARK [2][-]{subsection.2.3}{Abgrenzungskriterien}{section.2}% 11
\BOOKMARK [1][-]{section.3}{Produkteinsatz}{}% 12
\BOOKMARK [2][-]{subsection.3.1}{Anwendungsbereich}{section.3}% 13
\BOOKMARK [2][-]{subsection.3.2}{Zielgruppe}{section.3}% 14
\BOOKMARK [2][-]{subsection.3.3}{Betriebsbedingungen}{section.3}% 15
\BOOKMARK [1][-]{section.4}{Produktumgebung}{}% 16
\BOOKMARK [2][-]{subsection.4.1}{Szenario}{section.4}% 17
\BOOKMARK [2][-]{subsection.4.2}{Software}{section.4}% 18
\BOOKMARK [2][-]{subsection.4.3}{Hardware}{section.4}% 19
\BOOKMARK [2][-]{subsection.4.4}{Netzwerktopologie}{section.4}% 20
\BOOKMARK [1][-]{section.5}{Produktfunktionen}{}% 21
\BOOKMARK [2][-]{subsection.5.1}{Benutzerfunktionen}{section.5}% 22
\BOOKMARK [2][-]{subsection.5.2}{Konfigurationsfunktionen}{section.5}% 23
\BOOKMARK [2][-]{subsection.5.3}{Verschl\374sselungsfunktionen}{section.5}% 24
\BOOKMARK [2][-]{subsection.5.4}{Forwardingfunktionen}{section.5}% 25
\BOOKMARK [1][-]{section.6}{Produktdaten}{}% 26
\BOOKMARK [1][-]{section.7}{Produktleistungen}{}% 27
\BOOKMARK [1][-]{section.8}{Benutzungsoberfl\344che}{}% 28
\BOOKMARK [1][-]{section.9}{Qualit\344tszielbestimmungen}{}% 29
\BOOKMARK [1][-]{section.10}{Testszenarien und Testf\344lle}{}% 30
\BOOKMARK [2][-]{subsection.10.1}{ Funktionaler Eigenschaften}{section.10}% 31
\BOOKMARK [2][-]{subsection.10.2}{Testf\344lle nicht-funktionaler Eigenschaften}{section.10}% 32
\BOOKMARK [3][-]{subsubsection.10.2.1}{Emulierte Testumgebung}{subsection.10.2}% 33
\BOOKMARK [3][-]{subsubsection.10.2.2}{Reale Testumgebung}{subsection.10.2}% 34
\BOOKMARK [3][-]{subsubsection.10.2.3}{Robustheit}{subsection.10.2}% 35
\BOOKMARK [3][-]{subsubsection.10.2.4}{Sicherheit}{subsection.10.2}% 36
\BOOKMARK [3][-]{subsubsection.10.2.5}{Speichereffizienz}{subsection.10.2}% 37
\BOOKMARK [3][-]{subsubsection.10.2.6}{Recheneffizienz}{subsection.10.2}% 38
\BOOKMARK [1][-]{section.11}{Glossar}{}% 39
